# JRE version: 7.0_25-b17
# Java VM: Java HotSpot(TM) 64-Bit Server VM (23.25-b01 mixed mode windows-amd64 compressed oops)
Heap
 PSYoungGen      total 291520K, used 220427K [0x00000007abeb0000, 0x00000007c1290000, 0x0000000800000000)
  eden space 250176K, 71% used [0x00000007abeb0000,0x00000007b6da5468,0x00000007bb300000)
  from space 41344K, 99% used [0x00000007be050000,0x00000007c089d828,0x00000007c08b0000)
  to   space 46400K, 0% used [0x00000007bb300000,0x00000007bb300000,0x00000007be050000)
 ParOldGen       total 172160K, used 72293K [0x0000000703c00000, 0x000000070e420000, 0x00000007abeb0000)
  object space 172160K, 41% used [0x0000000703c00000,0x00000007082997f0,0x000000070e420000)
 PSPermGen       total 21248K, used 17167K [0x00000006fea00000, 0x00000006ffec0000, 0x0000000703c00000)
  object space 21248K, 80% used [0x00000006fea00000,0x00000006ffac3d58,0x00000006ffec0000)
GC Heap History (10 events):
Event: 3.159 GC heap before
{Heap before GC invocations=4 (full 0):
 PSYoungGen      total 75328K, used 75310K [0x00000007abeb0000, 0x00000007b12c0000, 0x0000000800000000)
  eden space 64576K, 100% used [0x00000007abeb0000,0x00000007afdc0000,0x00000007afdc0000)
  from space 10752K, 99% used [0x00000007afdc0000,0x00000007b083b820,0x00000007b0840000)
  to   space 10752K, 0% used [0x00000007b0840000,0x00000007b0840000,0x00000007b12c0000)
 ParOldGen       total 172160K, used 22039K [0x0000000703c00000, 0x000000070e420000, 0x00000007abeb0000)
  object space 172160K, 12% used [0x0000000703c00000,0x0000000705185e88,0x000000070e420000)
 PSPermGen       total 21248K, used 16733K [0x00000006fea00000, 0x00000006ffec0000, 0x0000000703c00000)
  object space 21248K, 78% used [0x00000006fea00000,0x00000006ffa577a8,0x00000006ffec0000)
Event: 3.167 GC heap after
Heap after GC invocations=4 (full 0):
 PSYoungGen      total 75328K, used 10748K [0x00000007abeb0000, 0x00000007b12c0000, 0x0000000800000000)
  eden space 64576K, 0% used [0x00000007abeb0000,0x00000007abeb0000,0x00000007afdc0000)
  from space 10752K, 99% used [0x00000007b0840000,0x00000007b12bf2c0,0x00000007b12c0000)
  to   space 10752K, 0% used [0x00000007afdc0000,0x00000007afdc0000,0x00000007b0840000)
 ParOldGen       total 172160K, used 37716K [0x0000000703c00000, 0x000000070e420000, 0x00000007abeb0000)
  object space 172160K, 21% used [0x0000000703c00000,0x00000007060d52a8,0x000000070e420000)
 PSPermGen       total 21248K, used 16733K [0x00000006fea00000, 0x00000006ffec0000, 0x0000000703c00000)
  object space 21248K, 78% used [0x00000006fea00000,0x00000006ffa577a8,0x00000006ffec0000)
}
Event: 3.385 GC heap before
{Heap before GC invocations=5 (full 0):
 PSYoungGen      total 75328K, used 75324K [0x00000007abeb0000, 0x00000007b12c0000, 0x0000000800000000)
  eden space 64576K, 100% used [0x00000007abeb0000,0x00000007afdc0000,0x00000007afdc0000)
  from space 10752K, 99% used [0x00000007b0840000,0x00000007b12bf2c0,0x00000007b12c0000)
  to   space 10752K, 0% used [0x00000007afdc0000,0x00000007afdc0000,0x00000007b0840000)
 ParOldGen       total 172160K, used 37716K [0x0000000703c00000, 0x000000070e420000, 0x00000007abeb0000)
  object space 172160K, 21% used [0x0000000703c00000,0x00000007060d5320,0x000000070e420000)
 PSPermGen       total 21248K, used 16966K [0x00000006fea00000, 0x00000006ffec0000, 0x0000000703c00000)
  object space 21248K, 79% used [0x00000006fea00000,0x00000006ffa91860,0x00000006ffec0000)
Event: 3.393 GC heap after
Heap after GC invocations=5 (full 0):
 PSYoungGen      total 75328K, used 10744K [0x00000007abeb0000, 0x00000007b7750000, 0x0000000800000000)
  eden space 64576K, 0% used [0x00000007abeb0000,0x00000007abeb0000,0x00000007afdc0000)
  from space 10752K, 99% used [0x00000007afdc0000,0x00000007b083e208,0x00000007b0840000)
  to   space 29952K, 0% used [0x00000007b5a10000,0x00000007b5a10000,0x00000007b7750000)
 ParOldGen       total 172160K, used 53422K [0x0000000703c00000, 0x000000070e420000, 0x00000007abeb0000)
  object space 172160K, 31% used [0x0000000703c00000,0x000000070702b8f0,0x000000070e420000)
 PSPermGen       total 21248K, used 16966K [0x00000006fea00000, 0x00000006ffec0000, 0x0000000703c00000)
  object space 21248K, 79% used [0x00000006fea00000,0x00000006ffa91860,0x00000006ffec0000)
}
Event: 3.593 GC heap before
{Heap before GC invocations=6 (full 0):
 PSYoungGen      total 75328K, used 75320K [0x00000007abeb0000, 0x00000007b7750000, 0x0000000800000000)
  eden space 64576K, 100% used [0x00000007abeb0000,0x00000007afdc0000,0x00000007afdc0000)
  from space 10752K, 99% used [0x00000007afdc0000,0x00000007b083e208,0x00000007b0840000)
  to   space 29952K, 0% used [0x00000007b5a10000,0x00000007b5a10000,0x00000007b7750000)
 ParOldGen       total 172160K, used 53423K [0x0000000703c00000, 0x000000070e420000, 0x00000007abeb0000)
  object space 172160K, 31% used [0x0000000703c00000,0x000000070702bea8,0x000000070e420000)
 PSPermGen       total 21248K, used 17010K [0x00000006fea00000, 0x00000006ffec0000, 0x0000000703c00000)
  object space 21248K, 80% used [0x00000006fea00000,0x00000006ffa9c8f8,0x00000006ffec0000)
Event: 3.602 GC heap after
Heap after GC invocations=6 (full 0):
 PSYoungGen      total 157568K, used 26498K [0x00000007abeb0000, 0x00000007b7a50000, 0x0000000800000000)
  eden space 127616K, 0% used [0x00000007abeb0000,0x00000007abeb0000,0x00000007b3b50000)
  from space 29952K, 88% used [0x00000007b5a10000,0x00000007b73f0bf0,0x00000007b7750000)
  to   space 31488K, 0% used [0x00000007b3b50000,0x00000007b3b50000,0x00000007b5a10000)
 ParOldGen       total 172160K, used 53423K [0x0000000703c00000, 0x000000070e420000, 0x00000007abeb0000)
  object space 172160K, 31% used [0x0000000703c00000,0x000000070702bea8,0x000000070e420000)
 PSPermGen       total 21248K, used 17010K [0x00000006fea00000, 0x00000006ffec0000, 0x0000000703c00000)
  object space 21248K, 80% used [0x00000006fea00000,0x00000006ffa9c8f8,0x00000006ffec0000)
}
Event: 3.994 GC heap before
{Heap before GC invocations=7 (full 0):
 PSYoungGen      total 157568K, used 154114K [0x00000007abeb0000, 0x00000007b7a50000, 0x0000000800000000)
  eden space 127616K, 100% used [0x00000007abeb0000,0x00000007b3b50000,0x00000007b3b50000)
  from space 29952K, 88% used [0x00000007b5a10000,0x00000007b73f0bf0,0x00000007b7750000)
  to   space 31488K, 0% used [0x00000007b3b50000,0x00000007b3b50000,0x00000007b5a10000)
 ParOldGen       total 172160K, used 53423K [0x0000000703c00000, 0x000000070e420000, 0x00000007abeb0000)
  object space 172160K, 31% used [0x0000000703c00000,0x000000070702bea8,0x000000070e420000)
 PSPermGen       total 21248K, used 17087K [0x00000006fea00000, 0x00000006ffec0000, 0x0000000703c00000)
  object space 21248K, 80% used [0x00000006fea00000,0x00000006ffaaff80,0x00000006ffec0000)
Event: 4.006 GC heap after
Heap after GC invocations=7 (full 0):
 PSYoungGen      total 159104K, used 31466K [0x00000007abeb0000, 0x00000007c08b0000, 0x0000000800000000)
  eden space 127616K, 0% used [0x00000007abeb0000,0x00000007abeb0000,0x00000007b3b50000)
  from space 31488K, 99% used [0x00000007b3b50000,0x00000007b5a0a8d8,0x00000007b5a10000)
  to   space 41344K, 0% used [0x00000007be050000,0x00000007be050000,0x00000007c08b0000)
 ParOldGen       total 172160K, used 66539K [0x0000000703c00000, 0x000000070e420000, 0x00000007abeb0000)
  object space 172160K, 38% used [0x0000000703c00000,0x0000000707cfadb8,0x000000070e420000)
 PSPermGen       total 21248K, used 17087K [0x00000006fea00000, 0x00000006ffec0000, 0x0000000703c00000)
  object space 21248K, 80% used [0x00000006fea00000,0x00000006ffaaff80,0x00000006ffec0000)
}
Event: 5.015 GC heap before
{Heap before GC invocations=8 (full 0):
 PSYoungGen      total 159104K, used 155598K [0x00000007abeb0000, 0x00000007c08b0000, 0x0000000800000000)
  eden space 127616K, 97% used [0x00000007abeb0000,0x00000007b37e92a8,0x00000007b3b50000)
  from space 31488K, 99% used [0x00000007b3b50000,0x00000007b5a0a8d8,0x00000007b5a10000)
  to   space 41344K, 0% used [0x00000007be050000,0x00000007be050000,0x00000007c08b0000)
 ParOldGen       total 172160K, used 66539K [0x0000000703c00000, 0x000000070e420000, 0x00000007abeb0000)
  object space 172160K, 38% used [0x0000000703c00000,0x0000000707cfadb8,0x000000070e420000)
 PSPermGen       total 21248K, used 17112K [0x00000006fea00000, 0x00000006ffec0000, 0x0000000703c00000)
  object space 21248K, 80% used [0x00000006fea00000,0x00000006ffab63c8,0x00000006ffec0000)
Event: 5.027 GC heap after
Heap after GC invocations=8 (full 0):
 PSYoungGen      total 291520K, used 41270K [0x00000007abeb0000, 0x00000007c1290000, 0x0000000800000000)
  eden space 250176K, 0% used [0x00000007abeb0000,0x00000007abeb0000,0x00000007bb300000)
  from space 41344K, 99% used [0x00000007be050000,0x00000007c089d828,0x00000007c08b0000)
  to   space 46400K, 0% used [0x00000007bb300000,0x00000007bb300000,0x00000007be050000)
 ParOldGen       total 172160K, used 72293K [0x0000000703c00000, 0x000000070e420000, 0x00000007abeb0000)
  object space 172160K, 41% used [0x0000000703c00000,0x00000007082997f0,0x000000070e420000)
 PSPermGen       total 21248K, used 17112K [0x00000006fea00000, 0x00000006ffec0000, 0x0000000703c00000)
  object space 21248K, 80% used [0x00000006fea00000,0x00000006ffab63c8,0x00000006ffec0000)
}

